Using pre-set license
Built from '2020.3/staging' branch; Version is '2020.3.11f1 (99c7afb366b3) revision 10078127'; Using compiler version '192528614'; Build Type 'Release'
OS: 'Windows 10 Pro; OS build 19042.1288; Version 2009; 64bit' Language: 'de' Physical Memory: 16312 MB
BatchMode: 1, IsHumanControllingUs: 0, StartBugReporterOnCrash: 0, Is64bit: 1, IsPro: 0

 COMMAND LINE ARGUMENTS:
C:\Program Files\Unity\Hub\Editor\2020.3.11f1\Editor\Unity.exe
-adb2
-batchMode
-noUpm
-name
AssetImportWorker0
-projectPath
E:/Dokumente/GitHub/Data-Persistence
-logFile
Logs/AssetImportWorker0.log
-srvPort
59942
Successfully changed project path to: E:/Dokumente/GitHub/Data-Persistence
E:/Dokumente/GitHub/Data-Persistence
Using Asset Import Pipeline V2.
Refreshing native plugins compatible for Editor in 52.83 ms, found 2 plugins.
Preloading 0 native plugins for Editor in 0.00 ms.
Initialize engine version: 2020.3.11f1 (99c7afb366b3)
[Subsystems] Discovering subsystems at path C:/Program Files/Unity/Hub/Editor/2020.3.11f1/Editor/Data/Resources/UnitySubsystems
[Subsystems] Discovering subsystems at path E:/Dokumente/GitHub/Data-Persistence/Assets
GfxDevice: creating device client; threaded=0
Direct3D:
    Version:  Direct3D 11.0 [level 11.1]
    Renderer: AMD Radeon Pro WX 3200 Series (ID=0x6981)
    Vendor:   
    VRAM:     4041 MB
    Driver:   27.20.11027.5002
Shader 'Universal Render Pipeline/Particles/Lit': fallback shader 'Universal Render Pipeline/Particles/SimpleLit' not found
Initialize mono
Mono path[0] = 'C:/Program Files/Unity/Hub/Editor/2020.3.11f1/Editor/Data/Managed'
Mono path[1] = 'C:/Program Files/Unity/Hub/Editor/2020.3.11f1/Editor/Data/MonoBleedingEdge/lib/mono/unityjit'
Mono config path = 'C:/Program Files/Unity/Hub/Editor/2020.3.11f1/Editor/Data/MonoBleedingEdge/etc'
Using monoOptions --debugger-agent=transport=dt_socket,embedding=1,server=y,suspend=n,address=127.0.0.1:56700
Begin MonoManager ReloadAssembly
Registering precompiled unity dll's ...
Register platform support module: C:/Program Files/Unity/Hub/Editor/2020.3.11f1/Editor/Data/PlaybackEngines/WebGLSupport/UnityEditor.WebGL.Extensions.dll
Register platform support module: C:/Program Files/Unity/Hub/Editor/2020.3.11f1/Editor/Data/PlaybackEngines/WindowsStandaloneSupport/UnityEditor.WindowsStandalone.Extensions.dll
Registered in 0.002355 seconds.
Native extension for WindowsStandalone target not found
Native extension for WebGL target not found
Refreshing native plugins compatible for Editor in 49.76 ms, found 2 plugins.
Preloading 0 native plugins for Editor in 0.00 ms.
Mono: successfully reloaded assembly
- Completed reload, in  1.329 seconds
Platform modules already initialized, skipping
Registering precompiled user dll's ...
Registered in 0.003645 seconds.
Begin MonoManager ReloadAssembly
Native extension for WindowsStandalone target not found
Native extension for WebGL target not found
Refreshing native plugins compatible for Editor in 49.84 ms, found 2 plugins.
Preloading 0 native plugins for Editor in 0.00 ms.
Mono: successfully reloaded assembly
- Completed reload, in  1.199 seconds
Platform modules already initialized, skipping
========================================================================
Worker process is ready to serve import requests
Shader 'Universal Render Pipeline/Particles/Lit': fallback shader 'Universal Render Pipeline/Particles/SimpleLit' not found
Launched and connected shader compiler UnityShaderCompiler.exe after 0.05 seconds
Refreshing native plugins compatible for Editor in 0.55 ms, found 2 plugins.
Preloading 0 native plugins for Editor in 0.00 ms.
Unloading 2731 Unused Serialized files (Serialized files now loaded: 0)
System memory in use before: 122.3 MB.
System memory in use after: 122.5 MB.

Unloading 19 unused Assets to reduce memory usage. Loaded Objects now: 3169.
Total: 3.045300 ms (FindLiveObjects: 0.339000 ms CreateObjectMapping: 0.242400 ms MarkObjects: 2.404000 ms  DeleteObjects: 0.059100 ms)

========================================================================
Received Import Request.
  path: Assets/Textures/brick_texture7.png
  artifactKey: Guid(558b3b9a60c5dcc41bac6270521d02ab) Importer(815301076,1909f56bfc062723c751e8b465ee728b)
Start importing Assets/Textures/brick_texture7.png using Guid(558b3b9a60c5dcc41bac6270521d02ab) Importer(815301076,1909f56bfc062723c751e8b465ee728b)  -> (artifact id: '6a488281712da088743a3d92eae08b09') in 0.066361 seconds
  Import took 0.071019 seconds .

========================================================================
Received Import Request.
  Time since last request: 1.849558 seconds.
  path: Assets/Textures/brick_texture7.png
  artifactKey: Guid(558b3b9a60c5dcc41bac6270521d02ab) Importer(815301076,1909f56bfc062723c751e8b465ee728b)
Start importing Assets/Textures/brick_texture7.png using Guid(558b3b9a60c5dcc41bac6270521d02ab) Importer(815301076,1909f56bfc062723c751e8b465ee728b)  -> (artifact id: '6a488281712da088743a3d92eae08b09') in 0.014952 seconds
  Import took 0.020356 seconds .

========================================================================
Received Import Request.
  Time since last request: 44.143096 seconds.
  path: Assets/Textures/brick_texture7.png
  artifactKey: Guid(558b3b9a60c5dcc41bac6270521d02ab) Importer(815301076,1909f56bfc062723c751e8b465ee728b)
Start importing Assets/Textures/brick_texture7.png using Guid(558b3b9a60c5dcc41bac6270521d02ab) Importer(815301076,1909f56bfc062723c751e8b465ee728b)  -> (artifact id: 'ae72792adbcdd028321d3ddb00d4fe0e') in 0.056416 seconds
  Import took 0.061068 seconds .

========================================================================
Received Import Request.
  Time since last request: 135.454459 seconds.
  path: Assets/Textures/brick_texture7.png
  artifactKey: Guid(558b3b9a60c5dcc41bac6270521d02ab) Importer(815301076,1909f56bfc062723c751e8b465ee728b)
Start importing Assets/Textures/brick_texture7.png using Guid(558b3b9a60c5dcc41bac6270521d02ab) Importer(815301076,1909f56bfc062723c751e8b465ee728b)  -> (artifact id: '26bbcb3311691ca88718d96d16d5ad46') in 0.015541 seconds
  Import took 0.020745 seconds .

========================================================================
Received Import Request.
  Time since last request: 4.646527 seconds.
  path: Assets/Textures/brick_texture7.png
  artifactKey: Guid(558b3b9a60c5dcc41bac6270521d02ab) Importer(815301076,1909f56bfc062723c751e8b465ee728b)
Start importing Assets/Textures/brick_texture7.png using Guid(558b3b9a60c5dcc41bac6270521d02ab) Importer(815301076,1909f56bfc062723c751e8b465ee728b)  -> (artifact id: '49d4e4d8f780fe510784aa82e573edfe') in 0.015112 seconds
  Import took 0.029673 seconds .

========================================================================
Received Prepare
Registering precompiled user dll's ...
Registered in 0.004692 seconds.
Begin MonoManager ReloadAssembly
Native extension for WindowsStandalone target not found
Native extension for WebGL target not found
Refreshing native plugins compatible for Editor in 0.59 ms, found 2 plugins.
Preloading 0 native plugins for Editor in 0.00 ms.
Mono: successfully reloaded assembly
- Completed reload, in  1.115 seconds
Platform modules already initialized, skipping
Shader 'Universal Render Pipeline/Particles/Lit': fallback shader 'Universal Render Pipeline/Particles/SimpleLit' not found
Refreshing native plugins compatible for Editor in 0.61 ms, found 2 plugins.
Preloading 0 native plugins for Editor in 0.00 ms.
Unloading 2622 Unused Serialized files (Serialized files now loaded: 0)
System memory in use before: 118.3 MB.
System memory in use after: 118.5 MB.

Unloading 15 unused Assets to reduce memory usage. Loaded Objects now: 3178.
Total: 3.200300 ms (FindLiveObjects: 0.338400 ms CreateObjectMapping: 0.245800 ms MarkObjects: 2.569700 ms  DeleteObjects: 0.045400 ms)

========================================================================
Received Import Request.
  Time since last request: 127.230327 seconds.
  path: Assets/Textures/brick_texture7.png
  artifactKey: Guid(e3a076ee618968f45a5c1daf7f0d188b) Importer(815301076,1909f56bfc062723c751e8b465ee728b)
Start importing Assets/Textures/brick_texture7.png using Guid(e3a076ee618968f45a5c1daf7f0d188b) Importer(815301076,1909f56bfc062723c751e8b465ee728b)  -> (artifact id: '0d920f1e356588471d21b576492afc96') in 0.042473 seconds
  Import took 0.047677 seconds .

========================================================================
Received Import Request.
  Time since last request: 4.934050 seconds.
  path: Assets/Textures/brick_texture7.png
  artifactKey: Guid(e3a076ee618968f45a5c1daf7f0d188b) Importer(815301076,1909f56bfc062723c751e8b465ee728b)
Start importing Assets/Textures/brick_texture7.png using Guid(e3a076ee618968f45a5c1daf7f0d188b) Importer(815301076,1909f56bfc062723c751e8b465ee728b)  -> (artifact id: 'b00985e01c8dc6d8a96d40c79d2fcd31') in 0.030257 seconds
  Import took 0.035666 seconds .

========================================================================
Received Import Request.
  Time since last request: 0.001058 seconds.
  path: Assets/Textures/brick_texture7.png
  artifactKey: Guid(e3a076ee618968f45a5c1daf7f0d188b) Importer(815301076,1909f56bfc062723c751e8b465ee728b)
Start importing Assets/Textures/brick_texture7.png using Guid(e3a076ee618968f45a5c1daf7f0d188b) Importer(815301076,1909f56bfc062723c751e8b465ee728b)  -> (artifact id: 'b00985e01c8dc6d8a96d40c79d2fcd31') in 0.015859 seconds
  Import took 0.021944 seconds .

========================================================================
Received Prepare
Registering precompiled user dll's ...
Registered in 0.003621 seconds.
Begin MonoManager ReloadAssembly
Native extension for WindowsStandalone target not found
Native extension for WebGL target not found
Refreshing native plugins compatible for Editor in 0.60 ms, found 2 plugins.
Preloading 0 native plugins for Editor in 0.00 ms.
Mono: successfully reloaded assembly
- Completed reload, in  1.089 seconds
Platform modules already initialized, skipping
Shader 'Universal Render Pipeline/Particles/Lit': fallback shader 'Universal Render Pipeline/Particles/SimpleLit' not found
Refreshing native plugins compatible for Editor in 0.58 ms, found 2 plugins.
Preloading 0 native plugins for Editor in 0.00 ms.
Unloading 2622 Unused Serialized files (Serialized files now loaded: 0)
System memory in use before: 118.4 MB.
System memory in use after: 118.6 MB.

Unloading 15 unused Assets to reduce memory usage. Loaded Objects now: 3182.
Total: 3.215300 ms (FindLiveObjects: 0.332700 ms CreateObjectMapping: 0.237300 ms MarkObjects: 2.613200 ms  DeleteObjects: 0.031200 ms)

========================================================================
Received Import Request.
  Time since last request: 410.896422 seconds.
  path: Assets/Prefabs/BrickPrefab.prefab
  artifactKey: Guid(63f25b9733d2bcd4fa2ff6de1264c739) Importer(815301076,1909f56bfc062723c751e8b465ee728b)
Start importing Assets/Prefabs/BrickPrefab.prefab using Guid(63f25b9733d2bcd4fa2ff6de1264c739) Importer(815301076,1909f56bfc062723c751e8b465ee728b)  -> (artifact id: '14c0ab4629d45748b23c78283eedb89f') in 0.218184 seconds
  Import took 0.223180 seconds .

========================================================================
Received Prepare
Registering precompiled user dll's ...
Registered in 0.003900 seconds.
Begin MonoManager ReloadAssembly
Native extension for WindowsStandalone target not found
Native extension for WebGL target not found
Refreshing native plugins compatible for Editor in 0.63 ms, found 2 plugins.
Preloading 0 native plugins for Editor in 0.00 ms.
Mono: successfully reloaded assembly
- Completed reload, in  1.124 seconds
Platform modules already initialized, skipping
Shader 'Universal Render Pipeline/Particles/Lit': fallback shader 'Universal Render Pipeline/Particles/SimpleLit' not found
Refreshing native plugins compatible for Editor in 0.57 ms, found 2 plugins.
Preloading 0 native plugins for Editor in 0.00 ms.
Unloading 2622 Unused Serialized files (Serialized files now loaded: 0)
System memory in use before: 120.7 MB.
System memory in use after: 120.9 MB.

Unloading 15 unused Assets to reduce memory usage. Loaded Objects now: 3228.
Total: 2.587800 ms (FindLiveObjects: 0.259100 ms CreateObjectMapping: 0.112600 ms MarkObjects: 2.180700 ms  DeleteObjects: 0.034400 ms)

========================================================================
Received Import Request.
  Time since last request: 883.990873 seconds.
  path: Assets/Settings
  artifactKey: Guid(0735c275001a2c84dafdb30deced5d8d) Importer(815301076,1909f56bfc062723c751e8b465ee728b)
Start importing Assets/Settings using Guid(0735c275001a2c84dafdb30deced5d8d) Importer(815301076,1909f56bfc062723c751e8b465ee728b)  -> (artifact id: 'cadd7ca10b5bf32e886eec457cf073a7') in 0.014932 seconds
  Import took 0.021063 seconds .

========================================================================
Received Import Request.
  Time since last request: 244.325367 seconds.
  path: Assets/Sounds
  artifactKey: Guid(b1748db760748224eaaa2e2c2c28c214) Importer(815301076,1909f56bfc062723c751e8b465ee728b)
Start importing Assets/Sounds using Guid(b1748db760748224eaaa2e2c2c28c214) Importer(815301076,1909f56bfc062723c751e8b465ee728b)  -> (artifact id: 'ff589f80df42fbfdecd5451d80d96035') in 0.009364 seconds
  Import took 0.016233 seconds .

========================================================================
Received Import Request.
  Time since last request: 0.004490 seconds.
  path: Assets/Sounds
  artifactKey: Guid(b1748db760748224eaaa2e2c2c28c214) Importer(815301076,1909f56bfc062723c751e8b465ee728b)
Start importing Assets/Sounds using Guid(b1748db760748224eaaa2e2c2c28c214) Importer(815301076,1909f56bfc062723c751e8b465ee728b)  -> (artifact id: 'ff589f80df42fbfdecd5451d80d96035') in 0.001920 seconds
  Import took 0.007608 seconds .

========================================================================
Received Import Request.
  Time since last request: 19.075014 seconds.
  path: Assets/Sounds/salamisound-2007437-stoss-aufprall-metallisch.mp3
  artifactKey: Guid(7ecf3044f4a697146b32cea6041a55ec) Importer(815301076,1909f56bfc062723c751e8b465ee728b)
Start importing Assets/Sounds/salamisound-2007437-stoss-aufprall-metallisch.mp3 using Guid(7ecf3044f4a697146b32cea6041a55ec) Importer(815301076,1909f56bfc062723c751e8b465ee728b)  -> (artifact id: '77656787d670b65f3f5d6526e8965aa3') in 0.053589 seconds
  Import took 0.058390 seconds .

========================================================================
Received Import Request.
  Time since last request: 269.392791 seconds.
  path: ProjectSettings/TagManager.asset
  artifactKey: Guid(00000000000000003000000000000000) Importer(815301076,1909f56bfc062723c751e8b465ee728b)
Start importing ProjectSettings/TagManager.asset using Guid(00000000000000003000000000000000) Importer(815301076,1909f56bfc062723c751e8b465ee728b)  -> (artifact id: '7a10eeb65113d7797b4cf00370d37093') in 0.010404 seconds
  Import took 0.016362 seconds .

========================================================================
Received Prepare
Registering precompiled user dll's ...
Registered in 0.003645 seconds.
Begin MonoManager ReloadAssembly
Native extension for WindowsStandalone target not found
Native extension for WebGL target not found
Refreshing native plugins compatible for Editor in 0.63 ms, found 2 plugins.
Preloading 0 native plugins for Editor in 0.00 ms.
Mono: successfully reloaded assembly
- Completed reload, in  1.161 seconds
Platform modules already initialized, skipping
Shader 'Universal Render Pipeline/Particles/Lit': fallback shader 'Universal Render Pipeline/Particles/SimpleLit' not found
Refreshing native plugins compatible for Editor in 0.58 ms, found 2 plugins.
Preloading 0 native plugins for Editor in 0.00 ms.
Unloading 2622 Unused Serialized files (Serialized files now loaded: 0)
System memory in use before: 120.8 MB.
System memory in use after: 121.0 MB.

Unloading 16 unused Assets to reduce memory usage. Loaded Objects now: 3234.
Total: 3.288600 ms (FindLiveObjects: 0.342600 ms CreateObjectMapping: 0.242000 ms MarkObjects: 2.640700 ms  DeleteObjects: 0.062400 ms)

========================================================================
Received Prepare
Registering precompiled user dll's ...
Registered in 0.003684 seconds.
Begin MonoManager ReloadAssembly
Native extension for WindowsStandalone target not found
Native extension for WebGL target not found
Refreshing native plugins compatible for Editor in 0.64 ms, found 2 plugins.
Preloading 0 native plugins for Editor in 0.00 ms.
Mono: successfully reloaded assembly
- Completed reload, in  1.137 seconds
Platform modules already initialized, skipping
Shader 'Universal Render Pipeline/Particles/Lit': fallback shader 'Universal Render Pipeline/Particles/SimpleLit' not found
Refreshing native plugins compatible for Editor in 0.57 ms, found 2 plugins.
Preloading 0 native plugins for Editor in 0.00 ms.
Unloading 2622 Unused Serialized files (Serialized files now loaded: 0)
System memory in use before: 120.8 MB.
System memory in use after: 121.0 MB.

Unloading 15 unused Assets to reduce memory usage. Loaded Objects now: 3237.
Total: 3.221700 ms (FindLiveObjects: 0.329800 ms CreateObjectMapping: 0.234200 ms MarkObjects: 2.606500 ms  DeleteObjects: 0.050300 ms)

========================================================================
Received Prepare
Registering precompiled user dll's ...
Registered in 0.003783 seconds.
Begin MonoManager ReloadAssembly
Native extension for WindowsStandalone target not found
Native extension for WebGL target not found
Refreshing native plugins compatible for Editor in 0.58 ms, found 2 plugins.
Preloading 0 native plugins for Editor in 0.00 ms.
Mono: successfully reloaded assembly
- Completed reload, in  1.144 seconds
Platform modules already initialized, skipping
Shader 'Universal Render Pipeline/Particles/Lit': fallback shader 'Universal Render Pipeline/Particles/SimpleLit' not found
Refreshing native plugins compatible for Editor in 0.61 ms, found 2 plugins.
Preloading 0 native plugins for Editor in 0.00 ms.
Unloading 2622 Unused Serialized files (Serialized files now loaded: 0)
System memory in use before: 120.8 MB.
System memory in use after: 121.0 MB.

Unloading 15 unused Assets to reduce memory usage. Loaded Objects now: 3240.
Total: 3.232800 ms (FindLiveObjects: 0.347400 ms CreateObjectMapping: 0.238800 ms MarkObjects: 2.583300 ms  DeleteObjects: 0.062300 ms)

========================================================================
Received Prepare
Registering precompiled user dll's ...
Registered in 0.003561 seconds.
Begin MonoManager ReloadAssembly
Native extension for WindowsStandalone target not found
Native extension for WebGL target not found
Refreshing native plugins compatible for Editor in 0.59 ms, found 2 plugins.
Preloading 0 native plugins for Editor in 0.00 ms.
Mono: successfully reloaded assembly
- Completed reload, in  1.132 seconds
Platform modules already initialized, skipping
Shader 'Universal Render Pipeline/Particles/Lit': fallback shader 'Universal Render Pipeline/Particles/SimpleLit' not found
Refreshing native plugins compatible for Editor in 0.57 ms, found 2 plugins.
Preloading 0 native plugins for Editor in 0.00 ms.
Unloading 2622 Unused Serialized files (Serialized files now loaded: 0)
System memory in use before: 120.8 MB.
System memory in use after: 121.0 MB.

Unloading 15 unused Assets to reduce memory usage. Loaded Objects now: 3243.
Total: 3.318400 ms (FindLiveObjects: 0.334500 ms CreateObjectMapping: 0.236400 ms MarkObjects: 2.700700 ms  DeleteObjects: 0.045700 ms)

========================================================================
Received Prepare
Shader 'Universal Render Pipeline/Particles/Lit': fallback shader 'Universal Render Pipeline/Particles/SimpleLit' not found
Refreshing native plugins compatible for Editor in 3.31 ms, found 2 plugins.
Preloading 0 native plugins for Editor in 0.00 ms.
Unloading 13 Unused Serialized files (Serialized files now loaded: 0)
System memory in use before: 69.3 MB.
System memory in use after: 69.6 MB.

Unloading 13 unused Assets to reduce memory usage. Loaded Objects now: 3243.
Total: 3.292500 ms (FindLiveObjects: 0.375300 ms CreateObjectMapping: 0.295400 ms MarkObjects: 2.592300 ms  DeleteObjects: 0.028700 ms)

