Using pre-set license
Built from '2020.3/staging' branch; Version is '2020.3.11f1 (99c7afb366b3) revision 10078127'; Using compiler version '192528614'; Build Type 'Release'
OS: 'Windows 10 Pro; OS build 19042.1288; Version 2009; 64bit' Language: 'de' Physical Memory: 16312 MB
BatchMode: 1, IsHumanControllingUs: 0, StartBugReporterOnCrash: 0, Is64bit: 1, IsPro: 0

 COMMAND LINE ARGUMENTS:
C:\Program Files\Unity\Hub\Editor\2020.3.11f1\Editor\Unity.exe
-adb2
-batchMode
-noUpm
-name
AssetImportWorker0
-projectPath
E:/Dokumente/GitHub/Data-Persistence
-logFile
Logs/AssetImportWorker0.log
-srvPort
59805
Successfully changed project path to: E:/Dokumente/GitHub/Data-Persistence
E:/Dokumente/GitHub/Data-Persistence
Using Asset Import Pipeline V2.
Refreshing native plugins compatible for Editor in 53.99 ms, found 2 plugins.
Preloading 0 native plugins for Editor in 0.00 ms.
Initialize engine version: 2020.3.11f1 (99c7afb366b3)
[Subsystems] Discovering subsystems at path C:/Program Files/Unity/Hub/Editor/2020.3.11f1/Editor/Data/Resources/UnitySubsystems
[Subsystems] Discovering subsystems at path E:/Dokumente/GitHub/Data-Persistence/Assets
GfxDevice: creating device client; threaded=0
Direct3D:
    Version:  Direct3D 11.0 [level 11.1]
    Renderer: AMD Radeon Pro WX 3200 Series (ID=0x6981)
    Vendor:   
    VRAM:     4041 MB
    Driver:   27.20.11027.5002
Shader 'Universal Render Pipeline/Particles/Lit': fallback shader 'Universal Render Pipeline/Particles/SimpleLit' not found
Initialize mono
Mono path[0] = 'C:/Program Files/Unity/Hub/Editor/2020.3.11f1/Editor/Data/Managed'
Mono path[1] = 'C:/Program Files/Unity/Hub/Editor/2020.3.11f1/Editor/Data/MonoBleedingEdge/lib/mono/unityjit'
Mono config path = 'C:/Program Files/Unity/Hub/Editor/2020.3.11f1/Editor/Data/MonoBleedingEdge/etc'
Using monoOptions --debugger-agent=transport=dt_socket,embedding=1,server=y,suspend=n,address=127.0.0.1:56044
Begin MonoManager ReloadAssembly
Registering precompiled unity dll's ...
Register platform support module: C:/Program Files/Unity/Hub/Editor/2020.3.11f1/Editor/Data/PlaybackEngines/WebGLSupport/UnityEditor.WebGL.Extensions.dll
Register platform support module: C:/Program Files/Unity/Hub/Editor/2020.3.11f1/Editor/Data/PlaybackEngines/WindowsStandaloneSupport/UnityEditor.WindowsStandalone.Extensions.dll
Registered in 0.002362 seconds.
Native extension for WindowsStandalone target not found
Native extension for WebGL target not found
Refreshing native plugins compatible for Editor in 55.48 ms, found 2 plugins.
Preloading 0 native plugins for Editor in 0.00 ms.
Mono: successfully reloaded assembly
- Completed reload, in  1.318 seconds
Platform modules already initialized, skipping
Registering precompiled user dll's ...
Registered in 0.003941 seconds.
Begin MonoManager ReloadAssembly
Native extension for WindowsStandalone target not found
Native extension for WebGL target not found
Refreshing native plugins compatible for Editor in 53.60 ms, found 2 plugins.
Preloading 0 native plugins for Editor in 0.00 ms.
Mono: successfully reloaded assembly
- Completed reload, in  1.246 seconds
Platform modules already initialized, skipping
========================================================================
Worker process is ready to serve import requests
Shader 'Universal Render Pipeline/Particles/Lit': fallback shader 'Universal Render Pipeline/Particles/SimpleLit' not found
Launched and connected shader compiler UnityShaderCompiler.exe after 0.05 seconds
Refreshing native plugins compatible for Editor in 0.58 ms, found 2 plugins.
Preloading 0 native plugins for Editor in 0.00 ms.
Unloading 2731 Unused Serialized files (Serialized files now loaded: 0)
System memory in use before: 122.0 MB.
System memory in use after: 122.2 MB.

Unloading 20 unused Assets to reduce memory usage. Loaded Objects now: 3166.
Total: 2.525100 ms (FindLiveObjects: 0.260700 ms CreateObjectMapping: 0.117300 ms MarkObjects: 2.027500 ms  DeleteObjects: 0.118500 ms)

========================================================================
Received Import Request.
  path: Assets/Models
  artifactKey: Guid(33862f97b0fb3b6468b8f75c579170b7) Importer(815301076,1909f56bfc062723c751e8b465ee728b)
Start importing Assets/Models using Guid(33862f97b0fb3b6468b8f75c579170b7) Importer(815301076,1909f56bfc062723c751e8b465ee728b)  -> (artifact id: 'd5ffdc6085f2e494b4e1c5be7a955639') in 0.015910 seconds
  Import took 0.020493 seconds .

========================================================================
Received Import Request.
  Time since last request: 11.425763 seconds.
  path: Assets/Models/brick_model.fbx
  artifactKey: Guid(36f1509b99a8fe84c9606924ef6799fe) Importer(815301076,1909f56bfc062723c751e8b465ee728b)
Start importing Assets/Models/brick_model.fbx using Guid(36f1509b99a8fe84c9606924ef6799fe) Importer(815301076,1909f56bfc062723c751e8b465ee728b)  -> (artifact id: 'a7f6c5ce1a342284a84c5505a4f2a045') in 0.342001 seconds
  Import took 0.370397 seconds .

========================================================================
Received Import Request.
  Time since last request: 42.221610 seconds.
  path: Assets/Models/brick_model.fbx
  artifactKey: Guid(36f1509b99a8fe84c9606924ef6799fe) Importer(815301076,1909f56bfc062723c751e8b465ee728b)
Start importing Assets/Models/brick_model.fbx using Guid(36f1509b99a8fe84c9606924ef6799fe) Importer(815301076,1909f56bfc062723c751e8b465ee728b)  -> (artifact id: 'd2273d33c09db90c55ed6a3066100e0d') in 0.027745 seconds
  Import took 0.033957 seconds .

========================================================================
Received Import Request.
  Time since last request: 377.351095 seconds.
  path: Assets/Textures/brick_texture7.png
  artifactKey: Guid(5b4d4e0fa88b0ee40aac2a03a01d3c66) Importer(815301076,1909f56bfc062723c751e8b465ee728b)
Start importing Assets/Textures/brick_texture7.png using Guid(5b4d4e0fa88b0ee40aac2a03a01d3c66) Importer(815301076,1909f56bfc062723c751e8b465ee728b)  -> (artifact id: 'bdbd934e393839313ce6375caeea8eaa') in 0.027393 seconds
  Import took 0.033016 seconds .

========================================================================
Received Import Request.
  Time since last request: 0.000303 seconds.
  path: Assets/Textures/brick_texture7.png
  artifactKey: Guid(5b4d4e0fa88b0ee40aac2a03a01d3c66) Importer(815301076,1909f56bfc062723c751e8b465ee728b)
Start importing Assets/Textures/brick_texture7.png using Guid(5b4d4e0fa88b0ee40aac2a03a01d3c66) Importer(815301076,1909f56bfc062723c751e8b465ee728b)  -> (artifact id: 'bdbd934e393839313ce6375caeea8eaa') in 0.011992 seconds
  Import took 0.017339 seconds .

========================================================================
Received Import Request.
  Time since last request: 207.682658 seconds.
  path: Assets/Textures/brick_texture7.png
  artifactKey: Guid(5b4d4e0fa88b0ee40aac2a03a01d3c66) Importer(815301076,1909f56bfc062723c751e8b465ee728b)
Start importing Assets/Textures/brick_texture7.png using Guid(5b4d4e0fa88b0ee40aac2a03a01d3c66) Importer(815301076,1909f56bfc062723c751e8b465ee728b)  -> (artifact id: '1c0c9fe853b35b8cc6035b5ae764b7e5') in 0.031329 seconds
  Import took 0.036121 seconds .

========================================================================
Received Import Request.
  Time since last request: 381.592922 seconds.
  path: Assets/Prefabs/BrickPrefab.prefab
  artifactKey: Guid(63f25b9733d2bcd4fa2ff6de1264c739) Importer(815301076,1909f56bfc062723c751e8b465ee728b)
Start importing Assets/Prefabs/BrickPrefab.prefab using Guid(63f25b9733d2bcd4fa2ff6de1264c739) Importer(815301076,1909f56bfc062723c751e8b465ee728b)  -> (artifact id: 'ea2f3919f0403eb60154ae8b9ab1798e') in 0.024557 seconds
  Import took 0.030715 seconds .

========================================================================
Received Import Request.
  Time since last request: 54.061965 seconds.
  path: Assets/Textures/brick_texture7.png
  artifactKey: Guid(5b4d4e0fa88b0ee40aac2a03a01d3c66) Importer(815301076,1909f56bfc062723c751e8b465ee728b)
Start importing Assets/Textures/brick_texture7.png using Guid(5b4d4e0fa88b0ee40aac2a03a01d3c66) Importer(815301076,1909f56bfc062723c751e8b465ee728b)  -> (artifact id: '38dc69761afcb2999fca950fb4df9864') in 0.026667 seconds
  Import took 0.031473 seconds .

========================================================================
Received Prepare
Registering precompiled user dll's ...
Registered in 0.003796 seconds.
Begin MonoManager ReloadAssembly
Native extension for WindowsStandalone target not found
Native extension for WebGL target not found
Refreshing native plugins compatible for Editor in 0.62 ms, found 2 plugins.
Preloading 0 native plugins for Editor in 0.00 ms.
Mono: successfully reloaded assembly
- Completed reload, in  1.135 seconds
Platform modules already initialized, skipping
Shader 'Universal Render Pipeline/Particles/Lit': fallback shader 'Universal Render Pipeline/Particles/SimpleLit' not found
Refreshing native plugins compatible for Editor in 0.58 ms, found 2 plugins.
Preloading 0 native plugins for Editor in 0.00 ms.
Unloading 2622 Unused Serialized files (Serialized files now loaded: 0)
System memory in use before: 120.6 MB.
System memory in use after: 120.8 MB.

Unloading 15 unused Assets to reduce memory usage. Loaded Objects now: 3255.
Total: 3.333300 ms (FindLiveObjects: 0.339400 ms CreateObjectMapping: 0.241700 ms MarkObjects: 2.699100 ms  DeleteObjects: 0.052200 ms)

========================================================================
Received Prepare
Registering precompiled user dll's ...
Registered in 0.003586 seconds.
Begin MonoManager ReloadAssembly
Native extension for WindowsStandalone target not found
Native extension for WebGL target not found
Refreshing native plugins compatible for Editor in 0.60 ms, found 2 plugins.
Preloading 0 native plugins for Editor in 0.00 ms.
Mono: successfully reloaded assembly
- Completed reload, in  1.128 seconds
Platform modules already initialized, skipping
Shader 'Universal Render Pipeline/Particles/Lit': fallback shader 'Universal Render Pipeline/Particles/SimpleLit' not found
Refreshing native plugins compatible for Editor in 0.66 ms, found 2 plugins.
Preloading 0 native plugins for Editor in 0.00 ms.
Unloading 2622 Unused Serialized files (Serialized files now loaded: 0)
System memory in use before: 120.6 MB.
System memory in use after: 120.9 MB.

Unloading 15 unused Assets to reduce memory usage. Loaded Objects now: 3258.
Total: 3.276400 ms (FindLiveObjects: 0.410500 ms CreateObjectMapping: 0.244500 ms MarkObjects: 2.582000 ms  DeleteObjects: 0.038500 ms)

========================================================================
Received Prepare
Registering precompiled user dll's ...
Registered in 0.003943 seconds.
Begin MonoManager ReloadAssembly
Native extension for WindowsStandalone target not found
Native extension for WebGL target not found
Refreshing native plugins compatible for Editor in 0.58 ms, found 2 plugins.
Preloading 0 native plugins for Editor in 0.00 ms.
Mono: successfully reloaded assembly
- Completed reload, in  1.104 seconds
Platform modules already initialized, skipping
Shader 'Universal Render Pipeline/Particles/Lit': fallback shader 'Universal Render Pipeline/Particles/SimpleLit' not found
Refreshing native plugins compatible for Editor in 0.59 ms, found 2 plugins.
Preloading 0 native plugins for Editor in 0.00 ms.
Unloading 2622 Unused Serialized files (Serialized files now loaded: 0)
System memory in use before: 120.7 MB.
System memory in use after: 120.9 MB.

Unloading 15 unused Assets to reduce memory usage. Loaded Objects now: 3261.
Total: 3.178800 ms (FindLiveObjects: 0.329700 ms CreateObjectMapping: 0.239300 ms MarkObjects: 2.556400 ms  DeleteObjects: 0.052200 ms)

========================================================================
Received Prepare
Registering precompiled user dll's ...
Registered in 0.005481 seconds.
Begin MonoManager ReloadAssembly
Native extension for WindowsStandalone target not found
Native extension for WebGL target not found
Refreshing native plugins compatible for Editor in 0.60 ms, found 2 plugins.
Preloading 0 native plugins for Editor in 0.00 ms.
Mono: successfully reloaded assembly
- Completed reload, in  1.141 seconds
Platform modules already initialized, skipping
Shader 'Universal Render Pipeline/Particles/Lit': fallback shader 'Universal Render Pipeline/Particles/SimpleLit' not found
Refreshing native plugins compatible for Editor in 0.64 ms, found 2 plugins.
Preloading 0 native plugins for Editor in 0.00 ms.
Unloading 2622 Unused Serialized files (Serialized files now loaded: 0)
System memory in use before: 120.7 MB.
System memory in use after: 120.9 MB.

Unloading 15 unused Assets to reduce memory usage. Loaded Objects now: 3264.
Total: 3.359400 ms (FindLiveObjects: 0.338900 ms CreateObjectMapping: 0.236800 ms MarkObjects: 2.736200 ms  DeleteObjects: 0.046400 ms)

========================================================================
Received Prepare
Registering precompiled user dll's ...
Registered in 0.004511 seconds.
Begin MonoManager ReloadAssembly
Native extension for WindowsStandalone target not found
Native extension for WebGL target not found
Refreshing native plugins compatible for Editor in 0.61 ms, found 2 plugins.
Preloading 0 native plugins for Editor in 0.00 ms.
Mono: successfully reloaded assembly
- Completed reload, in  1.151 seconds
Platform modules already initialized, skipping
Shader 'Universal Render Pipeline/Particles/Lit': fallback shader 'Universal Render Pipeline/Particles/SimpleLit' not found
Refreshing native plugins compatible for Editor in 0.58 ms, found 2 plugins.
Preloading 0 native plugins for Editor in 0.00 ms.
Unloading 2622 Unused Serialized files (Serialized files now loaded: 0)
System memory in use before: 120.7 MB.
System memory in use after: 120.9 MB.

Unloading 15 unused Assets to reduce memory usage. Loaded Objects now: 3267.
Total: 3.223400 ms (FindLiveObjects: 0.329900 ms CreateObjectMapping: 0.292200 ms MarkObjects: 2.557800 ms  DeleteObjects: 0.042500 ms)

========================================================================
Received Prepare
Registering precompiled user dll's ...
Registered in 0.003673 seconds.
Begin MonoManager ReloadAssembly
Native extension for WindowsStandalone target not found
Native extension for WebGL target not found
Refreshing native plugins compatible for Editor in 0.65 ms, found 2 plugins.
Preloading 0 native plugins for Editor in 0.00 ms.
Mono: successfully reloaded assembly
- Completed reload, in  1.144 seconds
Platform modules already initialized, skipping
Shader 'Universal Render Pipeline/Particles/Lit': fallback shader 'Universal Render Pipeline/Particles/SimpleLit' not found
Refreshing native plugins compatible for Editor in 0.63 ms, found 2 plugins.
Preloading 0 native plugins for Editor in 0.00 ms.
Unloading 2622 Unused Serialized files (Serialized files now loaded: 0)
System memory in use before: 120.7 MB.
System memory in use after: 120.9 MB.

Unloading 15 unused Assets to reduce memory usage. Loaded Objects now: 3270.
Total: 3.284200 ms (FindLiveObjects: 0.437400 ms CreateObjectMapping: 0.282100 ms MarkObjects: 2.520600 ms  DeleteObjects: 0.043000 ms)

========================================================================
Received Prepare
Registering precompiled user dll's ...
Registered in 0.003745 seconds.
Begin MonoManager ReloadAssembly
Native extension for WindowsStandalone target not found
Native extension for WebGL target not found
Refreshing native plugins compatible for Editor in 0.66 ms, found 2 plugins.
Preloading 0 native plugins for Editor in 0.00 ms.
Mono: successfully reloaded assembly
- Completed reload, in  1.139 seconds
Platform modules already initialized, skipping
Shader 'Universal Render Pipeline/Particles/Lit': fallback shader 'Universal Render Pipeline/Particles/SimpleLit' not found
Refreshing native plugins compatible for Editor in 0.64 ms, found 2 plugins.
Preloading 0 native plugins for Editor in 0.00 ms.
Unloading 2622 Unused Serialized files (Serialized files now loaded: 0)
System memory in use before: 120.7 MB.
System memory in use after: 120.9 MB.

Unloading 15 unused Assets to reduce memory usage. Loaded Objects now: 3273.
Total: 3.343500 ms (FindLiveObjects: 0.329900 ms CreateObjectMapping: 0.255400 ms MarkObjects: 2.706000 ms  DeleteObjects: 0.051200 ms)

========================================================================
Received Prepare
Registering precompiled user dll's ...
Registered in 0.003727 seconds.
Begin MonoManager ReloadAssembly
Native extension for WindowsStandalone target not found
Native extension for WebGL target not found
Refreshing native plugins compatible for Editor in 0.61 ms, found 2 plugins.
Preloading 0 native plugins for Editor in 0.00 ms.
Mono: successfully reloaded assembly
- Completed reload, in  1.133 seconds
Platform modules already initialized, skipping
Shader 'Universal Render Pipeline/Particles/Lit': fallback shader 'Universal Render Pipeline/Particles/SimpleLit' not found
Refreshing native plugins compatible for Editor in 0.62 ms, found 2 plugins.
Preloading 0 native plugins for Editor in 0.00 ms.
Unloading 2622 Unused Serialized files (Serialized files now loaded: 0)
System memory in use before: 120.7 MB.
System memory in use after: 120.9 MB.

Unloading 15 unused Assets to reduce memory usage. Loaded Objects now: 3276.
Total: 3.304800 ms (FindLiveObjects: 0.329600 ms CreateObjectMapping: 0.241000 ms MarkObjects: 2.648100 ms  DeleteObjects: 0.085100 ms)

========================================================================
Received Import Request.
  Time since last request: 1972.353261 seconds.
  path: Assets/Textures/brick_texture7 1.png
  artifactKey: Guid(8dec97532fce3004a88e01258cf9eed4) Importer(815301076,1909f56bfc062723c751e8b465ee728b)
Start importing Assets/Textures/brick_texture7 1.png using Guid(8dec97532fce3004a88e01258cf9eed4) Importer(815301076,1909f56bfc062723c751e8b465ee728b)  -> (artifact id: 'fee0fb3d51254cf2deef2a624faa15f8') in 0.046171 seconds
  Import took 0.051024 seconds .

========================================================================
Received Prepare
Registering precompiled user dll's ...
Registered in 0.003852 seconds.
Begin MonoManager ReloadAssembly
Native extension for WindowsStandalone target not found
Native extension for WebGL target not found
Refreshing native plugins compatible for Editor in 0.60 ms, found 2 plugins.
Preloading 0 native plugins for Editor in 0.00 ms.
Mono: successfully reloaded assembly
- Completed reload, in  1.151 seconds
Platform modules already initialized, skipping
Shader 'Universal Render Pipeline/Particles/Lit': fallback shader 'Universal Render Pipeline/Particles/SimpleLit' not found
Refreshing native plugins compatible for Editor in 0.58 ms, found 2 plugins.
Preloading 0 native plugins for Editor in 0.00 ms.
Unloading 2622 Unused Serialized files (Serialized files now loaded: 0)
System memory in use before: 120.7 MB.
System memory in use after: 121.0 MB.

Unloading 15 unused Assets to reduce memory usage. Loaded Objects now: 3279.
Total: 3.255600 ms (FindLiveObjects: 0.328700 ms CreateObjectMapping: 0.253500 ms MarkObjects: 2.609100 ms  DeleteObjects: 0.063400 ms)

========================================================================
Received Prepare
Registering precompiled user dll's ...
Registered in 0.004350 seconds.
Begin MonoManager ReloadAssembly
Native extension for WindowsStandalone target not found
Native extension for WebGL target not found
Refreshing native plugins compatible for Editor in 0.62 ms, found 2 plugins.
Preloading 0 native plugins for Editor in 0.00 ms.
Mono: successfully reloaded assembly
- Completed reload, in  1.165 seconds
Platform modules already initialized, skipping
Shader 'Universal Render Pipeline/Particles/Lit': fallback shader 'Universal Render Pipeline/Particles/SimpleLit' not found
Refreshing native plugins compatible for Editor in 0.61 ms, found 2 plugins.
Preloading 0 native plugins for Editor in 0.00 ms.
Unloading 2622 Unused Serialized files (Serialized files now loaded: 0)
System memory in use before: 120.7 MB.
System memory in use after: 121.0 MB.

Unloading 15 unused Assets to reduce memory usage. Loaded Objects now: 3282.
Total: 3.279200 ms (FindLiveObjects: 0.378000 ms CreateObjectMapping: 0.272600 ms MarkObjects: 2.602800 ms  DeleteObjects: 0.024600 ms)

========================================================================
Received Prepare
Registering precompiled user dll's ...
Registered in 0.003631 seconds.
Begin MonoManager ReloadAssembly
Native extension for WindowsStandalone target not found
Native extension for WebGL target not found
Refreshing native plugins compatible for Editor in 0.62 ms, found 2 plugins.
Preloading 0 native plugins for Editor in 0.00 ms.
Mono: successfully reloaded assembly
- Completed reload, in  1.136 seconds
Platform modules already initialized, skipping
Shader 'Universal Render Pipeline/Particles/Lit': fallback shader 'Universal Render Pipeline/Particles/SimpleLit' not found
Refreshing native plugins compatible for Editor in 0.63 ms, found 2 plugins.
Preloading 0 native plugins for Editor in 0.00 ms.
Unloading 2622 Unused Serialized files (Serialized files now loaded: 0)
System memory in use before: 120.7 MB.
System memory in use after: 121.0 MB.

Unloading 15 unused Assets to reduce memory usage. Loaded Objects now: 3285.
Total: 3.551500 ms (FindLiveObjects: 0.328900 ms CreateObjectMapping: 0.244000 ms MarkObjects: 2.913200 ms  DeleteObjects: 0.064500 ms)

========================================================================
Received Import Request.
  Time since last request: 368.071686 seconds.
  path: Assets/Textures/brick_texture7 1.png
  artifactKey: Guid(8dec97532fce3004a88e01258cf9eed4) Importer(815301076,1909f56bfc062723c751e8b465ee728b)
Start importing Assets/Textures/brick_texture7 1.png using Guid(8dec97532fce3004a88e01258cf9eed4) Importer(815301076,1909f56bfc062723c751e8b465ee728b)  -> (artifact id: 'a9f3079d66df8c61a2bdab083888b331') in 0.069498 seconds
  Import took 0.077174 seconds .

========================================================================
Received Import Request.
  Time since last request: 0.003809 seconds.
  path: Assets/Textures/brick_texture7 1.png
  artifactKey: Guid(8dec97532fce3004a88e01258cf9eed4) Importer(815301076,1909f56bfc062723c751e8b465ee728b)
Start importing Assets/Textures/brick_texture7 1.png using Guid(8dec97532fce3004a88e01258cf9eed4) Importer(815301076,1909f56bfc062723c751e8b465ee728b)  -> (artifact id: 'a9f3079d66df8c61a2bdab083888b331') in 0.020679 seconds
  Import took 0.026292 seconds .

========================================================================
Received Prepare
Registering precompiled user dll's ...
Registered in 0.003989 seconds.
Begin MonoManager ReloadAssembly
Native extension for WindowsStandalone target not found
Native extension for WebGL target not found
Refreshing native plugins compatible for Editor in 0.64 ms, found 2 plugins.
Preloading 0 native plugins for Editor in 0.00 ms.
Mono: successfully reloaded assembly
- Completed reload, in  1.114 seconds
Platform modules already initialized, skipping
Shader 'Universal Render Pipeline/Particles/Lit': fallback shader 'Universal Render Pipeline/Particles/SimpleLit' not found
Refreshing native plugins compatible for Editor in 0.60 ms, found 2 plugins.
Preloading 0 native plugins for Editor in 0.00 ms.
Unloading 2622 Unused Serialized files (Serialized files now loaded: 0)
System memory in use before: 120.8 MB.
System memory in use after: 121.0 MB.

Unloading 15 unused Assets to reduce memory usage. Loaded Objects now: 3289.
Total: 2.623800 ms (FindLiveObjects: 0.255700 ms CreateObjectMapping: 0.114300 ms MarkObjects: 2.209200 ms  DeleteObjects: 0.043500 ms)

AssetImportWorkerClient::OnTransportError - code=2 error=End of file
